<?xml version="1.0" encoding="UTF-8"?>
<testng-results skipped="0" failed="0" ignored="0" total="1" passed="1">
  <reporter-output>
  </reporter-output>
  <suite name="Default suite" duration-ms="95772" started-at="2018-05-11T05:06:21Z" finished-at="2018-05-11T05:07:56Z">
    <groups>
    </groups>
    <test name="Default test" duration-ms="95772" started-at="2018-05-11T05:06:21Z" finished-at="2018-05-11T05:07:56Z">
      <class name="modes.ShortVideo">
        <test-method status="PASS" signature="startTest()[pri:0, instance:modes.ShortVideo@c038203]" name="startTest" duration-ms="95747" started-at="2018-05-11T05:06:21Z" finished-at="2018-05-11T05:07:56Z">
          <reporter-output>
          </reporter-output>
        </test-method> <!-- startTest -->
      </class> <!-- modes.ShortVideo -->
    </test> <!-- Default test -->
  </suite> <!-- Default suite -->
</testng-results>
